#
# There is insufficient memory for the Java Runtime Environment to continue.
# Native memory allocation (malloc) failed to allocate 80416 bytes for Chunk::new
# Possible reasons:
#   The system is out of physical RAM or swap space
#   In 32 bit mode, the process size limit was hit
# Possible solutions:
#   Reduce memory load on the system
#   Increase physical memory or swap space
#   Check if swap backing store is full
#   Use 64 bit Java on a 64 bit OS
#   Decrease Java heap size (-Xmx/-Xms)
#   Decrease number of Java threads
#   Decrease Java thread stack sizes (-Xss)
#   Set larger code cache with -XX:ReservedCodeCacheSize=
# This output file may be truncated or incomplete.
#
#  Out of Memory Error (allocation.cpp:390), pid=10776, tid=0x00000000000052b4
#
# JRE version: OpenJDK Runtime Environment (8.0) (build 1.8.0-adoptopenjdk-_2018_05_19_00_59-b00)
# Java VM: OpenJDK 64-Bit Server VM (25.71-b00 mixed mode windows-amd64 compressed oops)
# Failed to write core dump. Minidumps are not enabled by default on client versions of Windows
#

---------------  T H R E A D  ---------------

Current thread (0x00000000279ad800):  JavaThread "C2 CompilerThread1" daemon [_thread_in_native, id=21172, stack(0x0000000028270000,0x0000000028370000)]

Stack: [0x0000000028270000,0x0000000028370000]
[error occurred during error reporting (printing stack bounds), id 0xc0000005]

Native frames: (J=compiled Java code, j=interpreted, Vv=VM code, C=native code)


Current CompileTask:
C2:   3447  709       4       java.util.HashMap::putVal (300 bytes)


---------------  P R O C E S S  ---------------

Java Threads: ( => current thread )
  0x0000000027a23800 JavaThread "Service Thread" daemon [_thread_blocked, id=13320, stack(0x0000000028570000,0x0000000028670000)]
  0x00000000279a5800 JavaThread "C1 CompilerThread3" daemon [_thread_blocked, id=14136, stack(0x0000000028470000,0x0000000028570000)]
  0x000000002799e800 JavaThread "C2 CompilerThread2" daemon [_thread_blocked, id=22544, stack(0x0000000028370000,0x0000000028470000)]
=>0x00000000279ad800 JavaThread "C2 CompilerThread1" daemon [_thread_in_native, id=21172, stack(0x0000000028270000,0x0000000028370000)]
  0x00000000279ab800 JavaThread "C2 CompilerThread0" daemon [_thread_blocked, id=2380, stack(0x0000000028170000,0x0000000028270000)]
  0x00000000279aa800 JavaThread "Attach Listener" daemon [_thread_blocked, id=8908, stack(0x0000000028070000,0x0000000028170000)]
  0x00000000279a9000 JavaThread "Signal Dispatcher" daemon [_thread_blocked, id=2900, stack(0x0000000027f70000,0x0000000028070000)]
  0x0000000027990800 JavaThread "Finalizer" daemon [_thread_blocked, id=19664, stack(0x0000000027d70000,0x0000000027e70000)]
  0x0000000002b4d800 JavaThread "Reference Handler" daemon [_thread_blocked, id=12924, stack(0x0000000027870000,0x0000000027970000)]
  0x0000000002a55800 JavaThread "main" [_thread_in_native, id=17924, stack(0x0000000002950000,0x0000000002a50000)]

Other Threads:
  0x0000000025a86800 VMThread [stack: 0x0000000027770000,0x0000000027870000] [id=21232]
  0x0000000027a24800 WatcherThread [stack: 0x0000000028670000,0x0000000028770000] [id=19492]

VM state:not at safepoint (normal execution)

VM Mutex/Monitor currently owned by a thread: None

Heap:
 PSYoungGen      total 152576K, used 18350K [0x0000000716000000, 0x0000000720a00000, 0x00000007c0000000)
  eden space 131072K, 14% used [0x0000000716000000,0x00000007171eb8f8,0x000000071e000000)
  from space 21504K, 0% used [0x000000071f500000,0x000000071f500000,0x0000000720a00000)
  to   space 21504K, 0% used [0x000000071e000000,0x000000071e000000,0x000000071f500000)
 ParOldGen       total 348160K, used 0K [0x00000005c2000000, 0x00000005d7400000, 0x0000000716000000)
  object space 348160K, 0% used [0x00000005c2000000,0x00000005c2000000,0x00000005d7400000)
 Metaspace       used 8638K, capacity 8828K, committed 9088K, reserved 1060864K
  class space    used 1065K, capacity 1140K, committed 1152K, reserved 1048576K

Card table byte_map: [0x0000000011f10000,0x0000000012f10000] byte_map_base: 0x000000000f100000

Marking Bits: (ParMarkBitMap*) 0x0000000071ebbe50
 Begin Bits: [0x00000000141b0000, 0x000000001c130000)
 End Bits:   [0x000000001c130000, 0x00000000240b0000)

Polling page: 0x00000000025f0000

CodeCache: size=245760Kb used=2641Kb max_used=2650Kb free=243118Kb
 bounds [0x0000000002b50000, 0x0000000002df0000, 0x0000000011b50000]
 total_blobs=1040 nmethods=715 adapters=239
 compilation: enabled

Compilation events (10 events):
Event: 3.428 Thread 0x00000000279a5800 nmethod 703 0x0000000002de11d0 code [0x0000000002de1340, 0x0000000002de1550]
Event: 3.428 Thread 0x00000000279a5800  706       3       com.sun.xml.internal.bind.v2.model.annotation.RuntimeInlineAnnotationReader::hasFieldAnnotation (10 bytes)
Event: 3.428 Thread 0x00000000279a5800 nmethod 706 0x0000000002de1610 code [0x0000000002de1800, 0x0000000002de2138]
Event: 3.428 Thread 0x00000000279a5800  707       3       com.sun.xml.internal.bind.v2.model.annotation.RuntimeInlineAnnotationReader::hasFieldAnnotation (6 bytes)
Event: 3.429 Thread 0x00000000279ad800  709       4       java.util.HashMap::putVal (300 bytes)
Event: 3.429 Thread 0x00000000279a5800 nmethod 707 0x0000000002de26d0 code [0x0000000002de28a0, 0x0000000002de3018]
Event: 3.429 Thread 0x00000000279a5800  708       3       com.sun.xml.internal.bind.v2.model.nav.ReflectionNavigator::asDecl (9 bytes)
Event: 3.429 Thread 0x00000000279a5800 nmethod 708 0x0000000002de3490 code [0x0000000002de3620, 0x0000000002de3be8]
Event: 3.429 Thread 0x00000000279a5800  710       3       com.sun.xml.internal.bind.v2.model.impl.FieldPropertySeed::hasAnnotation (18 bytes)
Event: 3.429 Thread 0x00000000279a5800 nmethod 710 0x0000000002de3d50 code [0x0000000002de3ec0, 0x0000000002de41e8]

GC Heap History (0 events):
No events

Deoptimization events (5 events):
Event: 3.216 Thread 0x0000000002a55800 Uncommon trap: reason=null_check action=make_not_entrant pc=0x0000000002cd3794 method=java.lang.String.equals(Ljava/lang/Object;)Z @ 8
Event: 3.294 Thread 0x0000000002a55800 Uncommon trap: reason=unstable_if action=reinterpret pc=0x0000000002cffd9c method=java.lang.String.indexOf([CII[CIII)I @ 3
Event: 3.341 Thread 0x0000000002a55800 Uncommon trap: reason=unstable_if action=reinterpret pc=0x0000000002d78c84 method=java.util.HashMap.getNode(ILjava/lang/Object;)Ljava/util/HashMap$Node; @ 129
Event: 3.364 Thread 0x0000000002a55800 Uncommon trap: reason=unstable_if action=reinterpret pc=0x0000000002d7b48c method=java.util.HashMap.getNode(ILjava/lang/Object;)Ljava/util/HashMap$Node; @ 129
Event: 3.372 Thread 0x0000000002a55800 Uncommon trap: reason=range_check action=make_not_entrant pc=0x0000000002d89b28 method=sun.reflect.generics.parser.SignatureParser.current()C @ 34

Classes redefined (0 events):
No events

Internal exceptions (10 events):
Event: 3.276 Thread 0x0000000002a55800 Exception <a 'java/security/PrivilegedActionException'> (0x0000000716bbb2f8) thrown at [C:\Users\jenkins\workspace\openjdk8_build_x86-64_windows\openjdk\hotspot\src\share\vm\prims\jvm.cpp, line 1435]
Event: 3.276 Thread 0x0000000002a55800 Exception <a 'java/security/PrivilegedActionException'> (0x0000000716bbead8) thrown at [C:\Users\jenkins\workspace\openjdk8_build_x86-64_windows\openjdk\hotspot\src\share\vm\prims\jvm.cpp, line 1435]
Event: 3.276 Thread 0x0000000002a55800 Exception <a 'java/security/PrivilegedActionException'> (0x0000000716bbeed0) thrown at [C:\Users\jenkins\workspace\openjdk8_build_x86-64_windows\openjdk\hotspot\src\share\vm\prims\jvm.cpp, line 1435]
Event: 3.277 Thread 0x0000000002a55800 Exception <a 'java/security/PrivilegedActionException'> (0x0000000716bc02b0) thrown at [C:\Users\jenkins\workspace\openjdk8_build_x86-64_windows\openjdk\hotspot\src\share\vm\prims\jvm.cpp, line 1435]
Event: 3.277 Thread 0x0000000002a55800 Exception <a 'java/security/PrivilegedActionException'> (0x0000000716bc06a8) thrown at [C:\Users\jenkins\workspace\openjdk8_build_x86-64_windows\openjdk\hotspot\src\share\vm\prims\jvm.cpp, line 1435]
Event: 3.295 Thread 0x0000000002a55800 Exception <a 'java/lang/ClassNotFoundException': com/sun/org/glassfish/hk2/osgiresourcelocator/ServiceLoader> (0x0000000716bebe98) thrown at [C:\Users\jenkins\workspace\openjdk8_build_x86-64_windows\openjdk\hotspot\src\share\vm\classfile\systemDictionary.
Event: 3.304 Thread 0x0000000002a55800 Exception <a 'java/lang/NullPointerException'> (0x0000000716c05d60) thrown at [C:\Users\jenkins\workspace\openjdk8_build_x86-64_windows\openjdk\hotspot\src\share\vm\interpreter\linkResolver.cpp, line 1287]
Event: 3.373 Thread 0x0000000002a55800 Exception <a 'java/lang/ArrayIndexOutOfBoundsException': 18> (0x0000000716cf16d8) thrown at [C:\Users\jenkins\workspace\openjdk8_build_x86-64_windows\openjdk\hotspot\src\share\vm\interpreter\interpreterRuntime.cpp, line 366]
Event: 3.373 Thread 0x0000000002a55800 Exception <a 'java/lang/ArrayIndexOutOfBoundsException': 85> (0x0000000716cf2c90) thrown at [C:\Users\jenkins\workspace\openjdk8_build_x86-64_windows\openjdk\hotspot\src\share\vm\interpreter\interpreterRuntime.cpp, line 366]
Event: 3.374 Thread 0x0000000002a55800 Exception <a 'java/lang/ArrayIndexOutOfBoundsException': 76> (0x0000000716cf42d0) thrown at [C:\Users\jenkins\workspace\openjdk8_build_x86-64_windows\openjdk\hotspot\src\share\vm\interpreter\interpreterRuntime.cpp, line 366]

Events (10 events):
Event: 3.426 loading class com/android/sdklib/repository/generated/repository/v1/PlatformDetailsType
Event: 3.426 loading class com/android/sdklib/repository/generated/repository/v1/PlatformDetailsType done
Event: 3.428 loading class com/android/sdklib/repository/generated/sysimg/v1/SysImgDetailsType
Event: 3.428 loading class com/android/sdklib/repository/generated/sysimg/v1/SysImgDetailsType done
Event: 3.429 loading class com/sun/xml/internal/bind/v2/util/FlattenIterator
Event: 3.429 loading class com/sun/xml/internal/bind/v2/util/FlattenIterator done
Event: 3.430 loading class com/sun/xml/internal/bind/v2/model/impl/RuntimeModelBuilder$IDTransducerImpl
Event: 3.430 loading class com/sun/xml/internal/bind/v2/runtime/FilterTransducer
Event: 3.430 loading class com/sun/xml/internal/bind/v2/runtime/FilterTransducer done
Event: 3.430 loading class com/sun/xml/internal/bind/v2/model/impl/RuntimeModelBuilder$IDTransducerImpl done


Dynamic libraries:
0x00007ff63d4e0000 - 0x00007ff63d515000 	D:\KimoWork\2020.1.2f1\Editor\Data\PlaybackEngines\AndroidPlayer\OpenJDK\bin\java.exe
0x00007ffd4ea10000 - 0x00007ffd4ec06000 	C:\WINDOWS\SYSTEM32\ntdll.dll
0x00007ffd4e830000 - 0x00007ffd4e8ed000 	C:\WINDOWS\System32\KERNEL32.DLL
0x00007ffd4c2b0000 - 0x00007ffd4c579000 	C:\WINDOWS\System32\KERNELBASE.dll
0x00007ffd4d930000 - 0x00007ffd4d9dc000 	C:\WINDOWS\System32\ADVAPI32.dll
0x00007ffd4d420000 - 0x00007ffd4d4be000 	C:\WINDOWS\System32\msvcrt.dll
0x00007ffd4da00000 - 0x00007ffd4da9c000 	C:\WINDOWS\System32\sechost.dll
0x00007ffd4e390000 - 0x00007ffd4e4bb000 	C:\WINDOWS\System32\RPCRT4.dll
0x00007ffd4ca70000 - 0x00007ffd4cc10000 	C:\WINDOWS\System32\USER32.dll
0x00007ffd4c830000 - 0x00007ffd4c852000 	C:\WINDOWS\System32\win32u.dll
0x00007ffd4d270000 - 0x00007ffd4d29a000 	C:\WINDOWS\System32\GDI32.dll
0x00007ffd4c900000 - 0x00007ffd4ca0b000 	C:\WINDOWS\System32\gdi32full.dll
0x00007ffd4c860000 - 0x00007ffd4c8fd000 	C:\WINDOWS\System32\msvcp_win.dll
0x00007ffd4c6e0000 - 0x00007ffd4c7e0000 	C:\WINDOWS\System32\ucrtbase.dll
0x00007ffd38c80000 - 0x00007ffd38f1b000 	C:\WINDOWS\WinSxS\amd64_microsoft.windows.common-controls_6595b64144ccf1df_6.0.19041.746_none_ca02b4b61b8320a4\COMCTL32.dll
0x00007ffd4d240000 - 0x00007ffd4d270000 	C:\WINDOWS\System32\IMM32.DLL
0x0000000071f40000 - 0x0000000072012000 	D:\KimoWork\2020.1.2f1\Editor\Data\PlaybackEngines\AndroidPlayer\OpenJDK\jre\bin\msvcr100.dll
0x00000000716f0000 - 0x0000000071f39000 	D:\KimoWork\2020.1.2f1\Editor\Data\PlaybackEngines\AndroidPlayer\OpenJDK\jre\bin\server\jvm.dll
0x00007ffd4e750000 - 0x00007ffd4e758000 	C:\WINDOWS\System32\PSAPI.DLL
0x00007ffd3ee20000 - 0x00007ffd3ee47000 	C:\WINDOWS\SYSTEM32\WINMM.dll
0x00007ffd48860000 - 0x00007ffd4886a000 	C:\WINDOWS\SYSTEM32\VERSION.dll
0x00007ffd39120000 - 0x00007ffd39129000 	C:\WINDOWS\SYSTEM32\WSOCK32.dll
0x00007ffd4e2c0000 - 0x00007ffd4e32b000 	C:\WINDOWS\System32\WS2_32.dll
0x00007ffd3f860000 - 0x00007ffd3f86f000 	D:\KimoWork\2020.1.2f1\Editor\Data\PlaybackEngines\AndroidPlayer\OpenJDK\jre\bin\verify.dll
0x00007ffd3eb20000 - 0x00007ffd3eb49000 	D:\KimoWork\2020.1.2f1\Editor\Data\PlaybackEngines\AndroidPlayer\OpenJDK\jre\bin\java.dll
0x00007ffd34990000 - 0x00007ffd349a6000 	D:\KimoWork\2020.1.2f1\Editor\Data\PlaybackEngines\AndroidPlayer\OpenJDK\jre\bin\zip.dll
0x00007ffd4daa0000 - 0x00007ffd4e1e2000 	C:\WINDOWS\System32\SHELL32.dll
0x00007ffd49ed0000 - 0x00007ffd4a660000 	C:\WINDOWS\SYSTEM32\windows.storage.dll
0x00007ffd4cdd0000 - 0x00007ffd4d126000 	C:\WINDOWS\System32\combase.dll
0x00007ffd4bae0000 - 0x00007ffd4bb0c000 	C:\WINDOWS\SYSTEM32\Wldp.dll
0x00007ffd4e780000 - 0x00007ffd4e82e000 	C:\WINDOWS\System32\SHCORE.dll
0x00007ffd4d130000 - 0x00007ffd4d185000 	C:\WINDOWS\System32\shlwapi.dll
0x00007ffd4c080000 - 0x00007ffd4c0a6000 	C:\WINDOWS\SYSTEM32\profapi.dll
0x00007ffd1c0e0000 - 0x00007ffd1c0fa000 	D:\KimoWork\2020.1.2f1\Editor\Data\PlaybackEngines\AndroidPlayer\OpenJDK\jre\bin\net.dll
0x00007ffd4b860000 - 0x00007ffd4b8ca000 	C:\WINDOWS\system32\mswsock.dll
0x00007ffd19090000 - 0x00007ffd190a1000 	D:\KimoWork\2020.1.2f1\Editor\Data\PlaybackEngines\AndroidPlayer\OpenJDK\jre\bin\nio.dll

VM Arguments:
jvm_args: -Dfile.encoding=UTF-8 -Dcom.android.sdklib.toolsdir=E:\installed programs\unity\2019.3.0f3\Editor\Data\PlaybackEngines\AndroidPlayer\SDK\tools\bin\\.. 
java_command: com.android.sdklib.tool.sdkmanager.SdkManagerCli platforms;android-29
java_class_path (initial): E:\installed programs\unity\2019.3.0f3\Editor\Data\PlaybackEngines\AndroidPlayer\SDK\tools\bin\..\lib\dvlib-26.0.0-dev.jar;E:\installed programs\unity\2019.3.0f3\Editor\Data\PlaybackEngines\AndroidPlayer\SDK\tools\bin\..\lib\jimfs-1.1.jar;E:\installed programs\unity\2019.3.0f3\Editor\Data\PlaybackEngines\AndroidPlayer\SDK\tools\bin\..\lib\jsr305-1.3.9.jar;E:\installed programs\unity\2019.3.0f3\Editor\Data\PlaybackEngines\AndroidPlayer\SDK\tools\bin\..\lib\repository-26.0.0-dev.jar;E:\installed programs\unity\2019.3.0f3\Editor\Data\PlaybackEngines\AndroidPlayer\SDK\tools\bin\..\lib\j2objc-annotations-1.1.jar;E:\installed programs\unity\2019.3.0f3\Editor\Data\PlaybackEngines\AndroidPlayer\SDK\tools\bin\..\lib\layoutlib-api-26.0.0-dev.jar;E:\installed programs\unity\2019.3.0f3\Editor\Data\PlaybackEngines\AndroidPlayer\SDK\tools\bin\..\lib\gson-2.3.jar;E:\installed programs\unity\2019.3.0f3\Editor\Data\PlaybackEngines\AndroidPlayer\SDK\tools\bin\..\lib\httpcore-4.2.5.jar;E:\installed programs\unity\2019.3.0f3\Editor\Data\PlaybackEngines\AndroidPlayer\SDK\tools\bin\..\lib\commons-logging-1.1.1.jar;E:\installed programs\unity\2019.3.0f3\Editor\Data\PlaybackEngines\AndroidPlayer\SDK\tools\bin\..\lib\commons-compress-1.12.jar;E:\installed programs\unity\2019.3.0f3\Editor\Data\PlaybackEngines\AndroidPlayer\SDK\tools\bin\..\lib\annotations-26.0.0-dev.jar;E:\installed programs\unity\2019.3.0f3\Editor\Data\PlaybackEngines\AndroidPlayer\SDK\tools\bin\..\lib\error_prone_annotations-2.0.18.jar;E:\installed programs\unity\2019.3.0f3\Editor\Data\PlaybackEngines\AndroidPlayer\SDK\tools\bin\..\lib\animal-sniffer-annotations-1.14.jar;E:\installed programs\unity\2019.3.0f3\Editor\Data\PlaybackEngines\AndroidPlayer\SDK\tools\bin\..\lib\httpclient-4.2.6.jar;E:\installed programs\unity\2019.3.0f3\Editor\Data\PlaybackEngines\AndroidPlayer\SDK\tools\bin\..\lib\commons-codec-1.6.jar;E:\installed programs\unity\2019.3.0f3\Editor\Data\PlaybackEngines\AndroidPlayer\S
Launcher Type: SUN_STANDARD

Environment Variables:
JAVA_HOME=D:\KimoWork\2020.1.2f1\Editor\Data\PlaybackEngines\AndroidPlayer\OpenJDK
JAVA_TOOL_OPTIONS=-Dfile.encoding=UTF-8
PATH=D:\InstalledPrograms\bin\;C:\Program Files (x86)\Common Files\Intel\Shared Libraries\redist\intel64\compiler;C:\Windows\system32;C:\Windows;C:\Windows\System32\Wbem;C:\Windows\System32\WindowsPowerShell\v1.0\;C:\Windows\System32\OpenSSH\;C:\Program Files (x86)\NVIDIA Corporation\PhysX\Common;E:\installed programs\putty\;C:\WINDOWS\system32;C:\WINDOWS;C:\WINDOWS\System32\Wbem;C:\WINDOWS\System32\WindowsPowerShell\v1.0\;C:\WINDOWS\System32\OpenSSH\;E:\installed programs\ffmpeg-20200716-d11cc74-win64-static\bin;D:\Programs\Matlab\runtime\win64;D:\Programs\Matlab\bin;E:\installed programs\matlab\runtime\win64;E:\installed programs\matlab\bin;C:\Program Files (x86)\Intel\Intel(R) Management Engine Components\DAL;C:\Program Files\Intel\Intel(R) Management Engine Components\DAL;C:\Program Files\NVIDIA Corporation\NVIDIA NvDLISR;C:\Program Files\Git\cmd;C:\flutter\bin;C:\Program Files\nodejs\;E:\androidThings\platform-tools;C:\Program Files\EIDA Toolkit\Libs;C:\Program Files\EIDA Toolkit\Samples\SamplePlugins;C:\Users\Kimo Hero\AppData\Local\Programs\Python\Python38\Scripts;C:\Users\Kimo Hero\AppData\Local\Programs\Python\Python38;D:\Programs\Matlab\polyspace\bin;C:\Program Files\Git LFS;E:\androidThings\platform-tools;C:\Users\Kimo Hero\AppData\Local\Programs\Python\Python38\;C:\Users\Kimo Hero\AppData\Local\Microsoft\WindowsApps;E:\installed programs\Microsoft VS Code\bin;C:\flutter\bin;E:\installed programs\androidThings;C:\Users\Kimo Hero\AppData\Roaming\npm;C:\Users\Kimo Hero\AppData\Local\Google\Cloud SDK\google-cloud-sdk\bin;;C:\Program Files\JetBrains\PhpStorm 2020.3.1\bin;
USERNAME=Kimo Hero
OS=Windows_NT
PROCESSOR_IDENTIFIER=Intel64 Family 6 Model 158 Stepping 9, GenuineIntel



---------------  S Y S T E M  ---------------

OS: Windows 10.0 , 64 bit Build 19041 (10.0.19041.804)

CPU:total 8 (initial active 8) (4 cores per cpu, 2 threads per core) family 6 model 158 stepping 9, cmov, cx8, fxsr, mmx, sse, sse2, sse3, ssse3, sse4.1, sse4.2, popcnt, avx, avx2, aes, clmul, erms, 3dnowpref, lzcnt, ht, tsc, tscinvbit, bmi1, bmi2, adx

Memory: 4k page, physical 33420444k(4111436k free), swap 43906204k(980k free)

vm_info: OpenJDK 64-Bit Server VM (25.71-b00) for windows-amd64 JRE (1.8.0-adoptopenjdk-_2018_05_19_00_59-b00), built on May 19 2018 01:02:12 by "jenkins" with MS VC++ 10.0 (VS2010)

time: Wed Mar 10 15:41:35 2021
elapsed time: 3 seconds (0d 0h 0m 3s)

